  TimeInterval.cpp
  Quad.cpp
c:\alumnos\game002_gunbound\engineupc\frameworkupc\quad.h(13): warning C4244: 'return': conversion from 'float' to 'int', possible loss of data
c:\alumnos\game002_gunbound\engineupc\frameworkupc\quad.h(14): warning C4244: 'return': conversion from 'float' to 'int', possible loss of data
c:\alumnos\game002_gunbound\engineupc\frameworkupc\imagecontent.h(20): warning C4373: 'ImageContent::Load': virtual function overrides 'BaseContent::Load', previous versions of the compiler did not override when parameters only differed by const/volatile qualifiers
  c:\alumnos\game002_gunbound\engineupc\frameworkupc\basecontent.h(14): note: see declaration of 'BaseContent::Load'
c:\alumnos\game002_gunbound\engineupc\frameworkupc\quad.cpp(65): warning C4244: '=': conversion from 'float' to 'int', possible loss of data
c:\alumnos\game002_gunbound\engineupc\frameworkupc\quad.cpp(66): warning C4244: '=': conversion from 'float' to 'int', possible loss of data
c:\alumnos\game002_gunbound\engineupc\frameworkupc\quad.cpp(67): warning C4244: '=': conversion from 'float' to 'int', possible loss of data
c:\alumnos\game002_gunbound\engineupc\frameworkupc\quad.cpp(68): warning C4244: '=': conversion from 'float' to 'int', possible loss of data
c:\alumnos\game002_gunbound\engineupc\frameworkupc\quad.cpp(77): warning C4244: 'argument': conversion from 'int' to 'float', possible loss of data
c:\alumnos\game002_gunbound\engineupc\frameworkupc\quad.cpp(79): warning C4244: 'argument': conversion from 'int' to 'float', possible loss of data
c:\alumnos\game002_gunbound\engineupc\frameworkupc\quad.cpp(86): warning C4244: 'argument': conversion from 'int' to 'float', possible loss of data
c:\alumnos\game002_gunbound\engineupc\frameworkupc\quad.cpp(88): warning C4244: 'argument': conversion from 'int' to 'float', possible loss of data
  Sprite.cpp
c:\alumnos\game002_gunbound\engineupc\frameworkupc\imagecontent.h(20): warning C4373: 'ImageContent::Load': virtual function overrides 'BaseContent::Load', previous versions of the compiler did not override when parameters only differed by const/volatile qualifiers
  c:\alumnos\game002_gunbound\engineupc\frameworkupc\basecontent.h(14): note: see declaration of 'BaseContent::Load'
c:\alumnos\game002_gunbound\engineupc\frameworkupc\sprite.h(22): warning C4244: 'return': conversion from 'float' to 'int', possible loss of data
c:\alumnos\game002_gunbound\engineupc\frameworkupc\sprite.h(23): warning C4244: 'return': conversion from 'float' to 'int', possible loss of data
c:\alumnos\game002_gunbound\engineupc\frameworkupc\sprite.cpp(8): warning C4244: '=': conversion from 'float' to 'int', possible loss of data
c:\alumnos\game002_gunbound\engineupc\frameworkupc\sprite.cpp(9): warning C4244: '=': conversion from 'float' to 'int', possible loss of data
c:\alumnos\game002_gunbound\engineupc\frameworkupc\sprite.cpp(10): warning C4244: '=': conversion from 'float' to 'int', possible loss of data
c:\alumnos\game002_gunbound\engineupc\frameworkupc\sprite.cpp(11): warning C4244: '=': conversion from 'float' to 'int', possible loss of data
c:\alumnos\game002_gunbound\engineupc\frameworkupc\sprite.cpp(96): warning C4244: 'argument': conversion from 'int' to 'float', possible loss of data
c:\alumnos\game002_gunbound\engineupc\frameworkupc\sprite.cpp(99): warning C4244: 'argument': conversion from 'int' to 'float', possible loss of data
c:\alumnos\game002_gunbound\engineupc\frameworkupc\sprite.cpp(109): warning C4244: 'argument': conversion from 'int' to 'float', possible loss of data
c:\alumnos\game002_gunbound\engineupc\frameworkupc\sprite.cpp(112): warning C4244: 'argument': conversion from 'int' to 'float', possible loss of data
  ShaderManager.cpp
  SceneGraph.cpp
  PicoPNG.cpp
  MultiTexturedSprite2D.cpp
c:\alumnos\game002_gunbound\engineupc\frameworkupc\imagecontent.h(20): warning C4373: 'ImageContent::Load': virtual function overrides 'BaseContent::Load', previous versions of the compiler did not override when parameters only differed by const/volatile qualifiers
  c:\alumnos\game002_gunbound\engineupc\frameworkupc\basecontent.h(14): note: see declaration of 'BaseContent::Load'
c:\alumnos\game002_gunbound\engineupc\frameworkupc\multitexturedsprite2d.h(21): warning C4244: 'return': conversion from 'float' to 'int', possible loss of data
c:\alumnos\game002_gunbound\engineupc\frameworkupc\multitexturedsprite2d.h(22): warning C4244: 'return': conversion from 'float' to 'int', possible loss of data
c:\alumnos\game002_gunbound\engineupc\frameworkupc\multitexturedsprite2d.cpp(60): warning C4244: '=': conversion from 'float' to 'int', possible loss of data
c:\alumnos\game002_gunbound\engineupc\frameworkupc\multitexturedsprite2d.cpp(61): warning C4244: '=': conversion from 'float' to 'int', possible loss of data
c:\alumnos\game002_gunbound\engineupc\frameworkupc\multitexturedsprite2d.cpp(62): warning C4244: '=': conversion from 'float' to 'int', possible loss of data
c:\alumnos\game002_gunbound\engineupc\frameworkupc\multitexturedsprite2d.cpp(63): warning C4244: '=': conversion from 'float' to 'int', possible loss of data
c:\alumnos\game002_gunbound\engineupc\frameworkupc\multitexturedsprite2d.cpp(72): warning C4244: 'argument': conversion from 'int' to 'float', possible loss of data
c:\alumnos\game002_gunbound\engineupc\frameworkupc\multitexturedsprite2d.cpp(75): warning C4244: 'argument': conversion from 'int' to 'float', possible loss of data
c:\alumnos\game002_gunbound\engineupc\frameworkupc\multitexturedsprite2d.cpp(85): warning C4244: 'argument': conversion from 'int' to 'float', possible loss of data
c:\alumnos\game002_gunbound\engineupc\frameworkupc\multitexturedsprite2d.cpp(88): warning C4244: 'argument': conversion from 'int' to 'float', possible loss of data
  ImageContent.cpp
c:\alumnos\game002_gunbound\engineupc\frameworkupc\imagecontent.h(20): warning C4373: 'ImageContent::Load': virtual function overrides 'BaseContent::Load', previous versions of the compiler did not override when parameters only differed by const/volatile qualifiers
  c:\alumnos\game002_gunbound\engineupc\frameworkupc\basecontent.h(14): note: see declaration of 'BaseContent::Load'
  GameWindow.cpp
  GameFramework.cpp
c:\alumnos\game002_gunbound\engineupc\frameworkupc\imagecontent.h(20): warning C4373: 'ImageContent::Load': virtual function overrides 'BaseContent::Load', previous versions of the compiler did not override when parameters only differed by const/volatile qualifiers
  c:\alumnos\game002_gunbound\engineupc\frameworkupc\basecontent.h(14): note: see declaration of 'BaseContent::Load'
c:\alumnos\game002_gunbound\engineupc\frameworkupc\gameframework.cpp(18): warning C4244: 'argument': conversion from 'time_t' to 'unsigned int', possible loss of data
c:\alumnos\game002_gunbound\engineupc\frameworkupc\gameframework.cpp(73): warning C4244: 'initializing': conversion from 'Uint32' to 'float', possible loss of data
c:\alumnos\game002_gunbound\engineupc\frameworkupc\gameframework.cpp(74): warning C4244: 'initializing': conversion from 'Uint32' to 'float', possible loss of data
  FatalError.cpp
  Ellipse.cpp
c:\alumnos\game002_gunbound\engineupc\frameworkupc\imagecontent.h(20): warning C4373: 'ImageContent::Load': virtual function overrides 'BaseContent::Load', previous versions of the compiler did not override when parameters only differed by const/volatile qualifiers
  c:\alumnos\game002_gunbound\engineupc\frameworkupc\basecontent.h(14): note: see declaration of 'BaseContent::Load'
c:\alumnos\game002_gunbound\engineupc\frameworkupc\ellipse.cpp(54): warning C4244: 'initializing': conversion from 'double' to 'float', possible loss of data
  Drawable2D.cpp
  ContentManager.cpp
c:\alumnos\game002_gunbound\engineupc\frameworkupc\imagecontent.h(20): warning C4373: 'ImageContent::Load': virtual function overrides 'BaseContent::Load', previous versions of the compiler did not override when parameters only differed by const/volatile qualifiers
  c:\alumnos\game002_gunbound\engineupc\frameworkupc\basecontent.h(14): note: see declaration of 'BaseContent::Load'
c:\alumnos\game002_gunbound\engineupc\frameworkupc\contentmanager.cpp(18): warning C4244: 'initializing': conversion from 'std::streamoff' to 'int', possible loss of data
c:\alumnos\game002_gunbound\engineupc\frameworkupc\contentmanager.cpp(20): warning C4244: '-=': conversion from 'std::streamoff' to 'int', possible loss of data
  Circle.cpp
c:\alumnos\game002_gunbound\engineupc\frameworkupc\imagecontent.h(20): warning C4373: 'ImageContent::Load': virtual function overrides 'BaseContent::Load', previous versions of the compiler did not override when parameters only differed by const/volatile qualifiers
  c:\alumnos\game002_gunbound\engineupc\frameworkupc\basecontent.h(14): note: see declaration of 'BaseContent::Load'
c:\alumnos\game002_gunbound\engineupc\frameworkupc\circle.cpp(45): warning C4244: '=': conversion from 'float' to 'int', possible loss of data
c:\alumnos\game002_gunbound\engineupc\frameworkupc\circle.cpp(46): warning C4244: '=': conversion from 'float' to 'int', possible loss of data
c:\alumnos\game002_gunbound\engineupc\frameworkupc\circle.cpp(47): warning C4244: '=': conversion from 'float' to 'int', possible loss of data
c:\alumnos\game002_gunbound\engineupc\frameworkupc\circle.cpp(48): warning C4244: '=': conversion from 'float' to 'int', possible loss of data
c:\alumnos\game002_gunbound\engineupc\frameworkupc\circle.cpp(57): warning C4244: 'initializing': conversion from 'double' to 'float', possible loss of data
c:\alumnos\game002_gunbound\engineupc\frameworkupc\circle.cpp(60): warning C4101: 'auxY': unreferenced local variable
c:\alumnos\game002_gunbound\engineupc\frameworkupc\circle.cpp(60): warning C4101: 'auxX': unreferenced local variable
  Camera2D.cpp
  BaseShader.cpp
  Generating Code...
opengl32.lib(OPENGL32.dll) : warning LNK4006: __NULL_IMPORT_DESCRIPTOR already defined in SDL2.lib(SDL2.dll); second definition ignored
opengl32.lib(OPENGL32.dll) : warning LNK4221: This object file does not define any previously undefined public symbols, so it will not be used by any link operation that consumes this library
glew32.lib(glew32.dll) : warning LNK4006: __NULL_IMPORT_DESCRIPTOR already defined in SDL2.lib(SDL2.dll); second definition ignored
glew32.lib(glew32.dll) : warning LNK4221: This object file does not define any previously undefined public symbols, so it will not be used by any link operation that consumes this library
  FrameworkUPC.vcxproj -> C:\Alumnos\Game002_Gunbound\EngineUPC\x64\Debug\FrameworkUPC.lib
